CREATE TABLE merge_table (
    "GlobalEventID" INTEGER, 
    "Day" INTEGER, 
    "MonthYear" INTEGER,
    "Year" INTEGER,
    "FractionDate" FLOAT,
    "Actor1Code" VARCHAR,
    "Actor1Name" VARCHAR,
    "Actor1CountryCode" VARCHAR,
    "Actor1KnownGroupCode" VARCHAR,
    "Actor1EthnicCode" VARCHAR,
    "Actor1Religion1Code" VARCHAR,
    "Actor1Religion2Code" VARCHAR,
    "Actor1Type1Code" VARCHAR,
    "Actor1Type2Code" VARCHAR,
    "Actor1Type3Code" VARCHAR,
    "Actor2Code" VARCHAR,
    "Actor2Name" VARCHAR,
    "Actor2CountryCode" VARCHAR,
    "Actor2KnownGroupCode" VARCHAR,
    "Actor2EthnicCode" VARCHAR,
    "Actor2Religion1Code" VARCHAR,
    "Actor2Religion2Code" VARCHAR,
    "Actor2Type1Code" VARCHAR,
    "Actor2Type2Code" VARCHAR,
    "Actor2Type3Code" VARCHAR,
    "IsRootEvent" INTEGER,
    "EventCode" INTEGER,
    "EventBaseCode" INTEGER,
    "EventRootCode" INTEGER,
    "QuadClass" INTEGER,
    "GoldsteinScale" FLOAT,
    "NumMentions" INTEGER,
    "NumSources" INTEGER,
    "NumArticles" INTEGER,
    "AvgTone" FLOAT,
    "Actor1Geo_Type" INTEGER,
    "Actor1Geo_Fullname" VARCHAR,
    "Actor1Geo_CountryCode" VARCHAR,
    "Actor1Geo_ADM1Code" VARCHAR,
    "Actor1Geo_Lat" VARCHAR,
    "Actor1Geo_Long" VARCHAR,
    "Actor1Geo_FeatureID" VARCHAR,
    "Actor2Geo_Type" INTEGER,
    "Actor2Geo_Fullname" VARCHAR,
    "Actor2Geo_CountryCode" VARCHAR,
    "Actor2Geo_ADM1Code" VARCHAR,
    "Actor2Geo_Lat" VARCHAR,
    "Actor2Geo_Long" VARCHAR,
    "Actor2Geo_FeatureID" VARCHAR,
    "ActionGeo_Type" INTEGER,
    "ActionGeo_Fullname" VARCHAR,
    "ActionGeo_CountryCode" VARCHAR,
    "ActionGeo_ADM1Code" VARCHAR,
    "ActionGeo_Lat" VARCHAR,
    "ActionGeo_Long" VARCHAR,
    "ActionGeo_FeatureID" VARCHAR,
    "DATEADDED" INTEGER,
    "SOURCEURL" VARCHAR,
    "EventTimeDate" INTEGER,
    "MentionTimeDate" INTEGER,
    "MentionType" INTEGER,
    "MentionSourceName" VARCHAR,
    "MentionIdentifier" VARCHAR,
    "SentenceID" INTEGER,
    "Actor1CharOffset" INTEGER,
    "Actor2CharOffset" INTEGER,
    "ActionCharOffset" INTEGER,
    "InRawText" INTEGER,
    "Confidence" INTEGER,
    "MentionDocLen" INTEGER,
    "MentionDocTone" FLOAT,
    "MentionDocTranslationInfo" VARCHAR,
    "Extras" VARCHAR,
    "UniqueID" VARCHAR,
    "AutoId" INTEGER NOT NULL,
    PRIMARY KEY ("AutoId")
)


GlobalEventID,
Day,
MonthYear,
Year,
FractionDate,
Actor1Code,
Actor1Name,
Actor1CountryCode,
Actor1KnownGroupCode,
Actor1EthnicCode,
Actor1Religion1Code,
Actor1Religion2Code,
Actor1Type1Code,
Actor1Type2Code,
Actor1Type3Code,
Actor2Code,
Actor2Name,
Actor2CountryCode,
Actor2KnownGroupCode,
Actor2EthnicCode,
Actor2Religion1Code,
Actor2Religion2Code,
Actor2Type1Code,
Actor2Type2Code,
Actor2Type3Code,
IsRootEvent,
EventCode,
EventBaseCode,
EventRootCode,
QuadClass,
GoldsteinScale,
NumMentions,
NumSources,
NumArticles,
AvgTone,
Actor1Geo_Type,
Actor1Geo_Fullname,
Actor1Geo_CountryCode,
Actor1Geo_ADM1Code,
Actor1Geo_Lat,
Actor1Geo_Long,
Actor1Geo_FeatureID,
Actor2Geo_Type,
Actor2Geo_Fullname,
Actor2Geo_CountryCode,
Actor2Geo_ADM1Code,
Actor2Geo_Lat,
Actor2Geo_Long,
Actor2Geo_FeatureID,
ActionGeo_Type,
ActionGeo_Fullname,
ActionGeo_CountryCode,
ActionGeo_ADM1Code,
ActionGeo_Lat,
ActionGeo_Long,
ActionGeo_FeatureID,
DATEADDED,
SOURCEURL,
EventTimeDate,
MentionTimeDate,
MentionType,
MentionSourceName,
MentionIdentifier,
SentenceID,
Actor1CharOffset,
Actor2CharOffset,
ActionCharOffset,
InRawText,
Confidence,
MentionDocLen,
MentionDocTone,
MentionDocTranslationInfo,
Extras,
UniqueID


=============================[读取csv文件写入SQLite数据库]=============================
# try:
#     csv_path = "../merge/NULL/test1.csv"
#     df = pd.read_csv(csv_path)
#     table_name = "merge_table"
#     df.to_sql(table_name, con=engine, if_exists='append', index=True)
#     print("csv insert into sql success!")
# except Exception as e :
#     print(f"csv insert into sql failed : {e}") 
# #写一条sql
# sql = "SELECT COUNT(*) FROM merge_table"
# #建立dataframe
# df = pd.read_sql_query(sql,engine)
# print(df)
======================================================================================